<?xml version="1.0" encoding="UTF-8"?>
<!-- Generated by org.testng.reporters.JUnitXMLReporter -->
<testsuite hostname="LAPTOP-JF65BFTU" name="Test" tests="1" failures="0" timestamp="5 Oct 2021 05:52:26 GMT" time="0.18" errors="0">
  <testcase name="@BeforeMethod setup" time="0.0" classname="SeleniumTestPackage.SeleniumGrid">
    <failure type="java.lang.NullPointerException">
      <![CDATA[java.lang.NullPointerException
	at SeleniumBaseClass.BaseclassGird.setup(BaseclassGird.java:29)
	at java.util.concurrent.ThreadPoolExecutor.runWorker(Unknown Source)
	at java.util.concurrent.ThreadPoolExecutor$Worker.run(Unknown Source)
	at java.lang.Thread.run(Unknown Source)
... Removed 12 stack frames]]>
    </failure>
  </testcase> <!-- @BeforeMethod setup -->
  <testcase name="@AfterMethod teardown" time="0.0" classname="SeleniumTestPackage.SeleniumGrid">
    <skipped/>
  </testcase> <!-- @AfterMethod teardown -->
  <testcase name="testlogin" time="0.004" classname="SeleniumTestPackage.SeleniumGrid">
    <skipped/>
  </testcase> <!-- testlogin -->
</testsuite> <!-- Test -->
