<?xml version="1.0" encoding="UTF-8"?>
<!-- Generated by org.testng.reporters.JUnitXMLReporter -->
<testsuite hostname="LAPTOP-JF65BFTU" name="Test" tests="1" failures="0" timestamp="24 Sep 2021 14:08:03 GMT" time="0.213" errors="0">
  <testcase name="@BeforeMethod setup" time="0.0" classname="SeleniumTestPackage.LoginParallelTesting">
    <failure type="org.testng.TestNGException" message="
Method setup requires 2 parameters but 1 were supplied in the @Configuration annotation.">
      <![CDATA[org.testng.TestNGException: 
Method setup requires 2 parameters but 1 were supplied in the @Configuration annotation.
	at java.util.concurrent.ThreadPoolExecutor.runWorker(Unknown Source)
	at java.util.concurrent.ThreadPoolExecutor$Worker.run(Unknown Source)
	at java.lang.Thread.run(Unknown Source)
... Removed 10 stack frames]]>
    </failure>
  </testcase> <!-- @BeforeMethod setup -->
  <testcase name="@AfterMethod teardown" time="0.0" classname="SeleniumTestPackage.LoginParallelTesting">
    <skipped/>
  </testcase> <!-- @AfterMethod teardown -->
  <testcase name="testlogin" time="0.008" classname="SeleniumTestPackage.LoginParallelTesting">
    <skipped/>
  </testcase> <!-- testlogin -->
</testsuite> <!-- Test -->
