<?xml version="1.0" encoding="UTF-8"?>
<!-- Generated by org.testng.reporters.JUnitXMLReporter -->
<testsuite hostname="LAPTOP-JF65BFTU" name="Test2" tests="1" failures="0" timestamp="29 Sep 2021 12:17:17 GMT" time="1.689" errors="0">
  <testcase name="@BeforeTest setup" time="0.0" classname="SeleniumTestPackage.LoginClassGrid">
    <failure type="org.openqa.selenium.SessionNotCreatedException" message="session not created: No matching capabilities found
Build info: version: &amp;apos;3.141.59&amp;apos;, revision: &amp;apos;e82be7d358&amp;apos;, time: &amp;apos;2018-11-14T08:25:53&amp;apos;
System info: host: &amp;apos;LAPTOP-JF65BFTU&amp;apos;, ip: &amp;apos;192.168.9.175&amp;apos;, os.name: &amp;apos;Windows 10&amp;apos;, os.arch: &amp;apos;amd64&amp;apos;, os.version: &amp;apos;10.0&amp;apos;, java.version: &amp;apos;1.8.0_301&amp;apos;
Driver info: driver.version: unknown
remote stacktrace: Backtrace:
	Ordinal0 [0x0072B9D3+2472403]
	Ordinal0 [0x006C6961+2058593]
	Ordinal0 [0x005D22B8+1057464]
	Ordinal0 [0x00618DF1+1347057]
	Ordinal0 [0x006184BC+1344700]
	Ordinal0 [0x00619765+1349477]
	Ordinal0 [0x006195EA+1349098]
	Ordinal0 [0x0061545B+1332315]
	Ordinal0 [0x005F1FB4+1187764]
	Ordinal0 [0x005F2E09+1191433]
	GetHandleVerifier [0x008B3396+1551078]
	GetHandleVerifier [0x0095D53A+2247818]
	GetHandleVerifier [0x007B7FBB+521995]
	GetHandleVerifier [0x007B7079+518089]
	Ordinal0 [0x006CBD4D+2080077]
	Ordinal0 [0x006CFC18+2096152]
	Ordinal0 [0x006CFD52+2096466]
	Ordinal0 [0x006D94B1+2135217]
	BaseThreadInitThunk [0x75FAFA29+25]
	RtlGetAppContainerNamedObjectPath [0x77567A9E+286]
	RtlGetAppContainerNamedObjectPath [0x77567A6E+238]

Command duration or timeout: 890 milliseconds">
      <![CDATA[org.openqa.selenium.SessionNotCreatedException: session not created: No matching capabilities found
Build info: version: '3.141.59', revision: 'e82be7d358', time: '2018-11-14T08:25:53'
System info: host: 'LAPTOP-JF65BFTU', ip: '192.168.9.175', os.name: 'Windows 10', os.arch: 'amd64', os.version: '10.0', java.version: '1.8.0_301'
Driver info: driver.version: unknown
remote stacktrace: Backtrace:
	Ordinal0 [0x0072B9D3+2472403]
	Ordinal0 [0x006C6961+2058593]
	Ordinal0 [0x005D22B8+1057464]
	Ordinal0 [0x00618DF1+1347057]
	Ordinal0 [0x006184BC+1344700]
	Ordinal0 [0x00619765+1349477]
	Ordinal0 [0x006195EA+1349098]
	Ordinal0 [0x0061545B+1332315]
	Ordinal0 [0x005F1FB4+1187764]
	Ordinal0 [0x005F2E09+1191433]
	GetHandleVerifier [0x008B3396+1551078]
	GetHandleVerifier [0x0095D53A+2247818]
	GetHandleVerifier [0x007B7FBB+521995]
	GetHandleVerifier [0x007B7079+518089]
	Ordinal0 [0x006CBD4D+2080077]
	Ordinal0 [0x006CFC18+2096152]
	Ordinal0 [0x006CFD52+2096466]
	Ordinal0 [0x006D94B1+2135217]
	BaseThreadInitThunk [0x75FAFA29+25]
	RtlGetAppContainerNamedObjectPath [0x77567A9E+286]
	RtlGetAppContainerNamedObjectPath [0x77567A6E+238]

Command duration or timeout: 890 milliseconds
	at org.openqa.selenium.remote.ErrorHandler.createThrowable(ErrorHandler.java:214)
	at org.openqa.selenium.remote.ErrorHandler.throwIfResponseFailed(ErrorHandler.java:166)
	at org.openqa.selenium.remote.JsonWireProtocolResponse.lambda$errorHandler$0(JsonWireProtocolResponse.java:54)
	at org.openqa.selenium.remote.HandshakeResponse.lambda$getResponseFunction$0(HandshakeResponse.java:30)
	at org.openqa.selenium.remote.ProtocolHandshake.lambda$createSession$0(ProtocolHandshake.java:126)
	at java.util.stream.ReferencePipeline$3$1.accept(Unknown Source)
	at java.util.Spliterators$ArraySpliterator.tryAdvance(Unknown Source)
	at java.util.stream.ReferencePipeline.forEachWithCancel(Unknown Source)
	at java.util.stream.AbstractPipeline.copyIntoWithCancel(Unknown Source)
	at java.util.stream.AbstractPipeline.copyInto(Unknown Source)
	at java.util.stream.AbstractPipeline.wrapAndCopyInto(Unknown Source)
	at java.util.stream.FindOps$FindOp.evaluateSequential(Unknown Source)
	at java.util.stream.AbstractPipeline.evaluate(Unknown Source)
	at java.util.stream.ReferencePipeline.findFirst(Unknown Source)
	at org.openqa.selenium.remote.ProtocolHandshake.createSession(ProtocolHandshake.java:128)
	at org.openqa.selenium.remote.ProtocolHandshake.createSession(ProtocolHandshake.java:74)
	at org.openqa.selenium.remote.HttpCommandExecutor.execute(HttpCommandExecutor.java:136)
	at org.openqa.selenium.remote.RemoteWebDriver.execute(RemoteWebDriver.java:552)
	at org.openqa.selenium.remote.RemoteWebDriver.startSession(RemoteWebDriver.java:213)
	at org.openqa.selenium.remote.RemoteWebDriver.<init>(RemoteWebDriver.java:131)
	at org.openqa.selenium.remote.RemoteWebDriver.<init>(RemoteWebDriver.java:144)
	at SeleniumBaseClass.BaseClassGrid.setup(BaseClassGrid.java:47)
	at java.util.concurrent.FutureTask.run(Unknown Source)
	at java.util.concurrent.ThreadPoolExecutor.runWorker(Unknown Source)
	at java.util.concurrent.ThreadPoolExecutor$Worker.run(Unknown Source)
	at java.lang.Thread.run(Unknown Source)
Caused by: org.openqa.selenium.SessionNotCreatedException: session not created: No matching capabilities found
Build info: version: '3.141.59', revision: 'e82be7d358', time: '2018-11-14T08:25:53'
System info: host: 'LAPTOP-JF65BFTU', ip: '192.168.9.175', os.name: 'Windows 10', os.arch: 'amd64', os.version: '10.0', java.version: '1.8.0_301'
Driver info: driver.version: unknown
remote stacktrace: Backtrace:
	Ordinal0 [0x0072B9D3+2472403]
	Ordinal0 [0x006C6961+2058593]
	Ordinal0 [0x005D22B8+1057464]
	Ordinal0 [0x00618DF1+1347057]
	Ordinal0 [0x006184BC+1344700]
	Ordinal0 [0x00619765+1349477]
	Ordinal0 [0x006195EA+1349098]
	Ordinal0 [0x0061545B+1332315]
	Ordinal0 [0x005F1FB4+1187764]
	Ordinal0 [0x005F2E09+1191433]
	GetHandleVerifier [0x008B3396+1551078]
	GetHandleVerifier [0x0095D53A+2247818]
	GetHandleVerifier [0x007B7FBB+521995]
	GetHandleVerifier [0x007B7079+518089]
	Ordinal0 [0x006CBD4D+2080077]
	Ordinal0 [0x006CFC18+2096152]
	Ordinal0 [0x006CFD52+2096466]
	Ordinal0 [0x006D94B1+2135217]
	BaseThreadInitThunk [0x75FAFA29+25]
	RtlGetAppContainerNamedObjectPath [0x77567A9E+286]
	RtlGetAppContainerNamedObjectPath [0x77567A6E+238]

Build info: version: '3.141.59', revision: 'e82be7d358', time: '2018-11-14T08:17:03'
System info: host: 'LAPTOP-JF65BFTU', ip: '192.168.9.175', os.name: 'Windows 10', os.arch: 'amd64', os.version: '10.0', java.version: '1.8.0_301'
Driver info: driver.version: unknown
	at org.openqa.selenium.remote.W3CHandshakeResponse.lambda$errorHandler$0(W3CHandshakeResponse.java:62)
	at org.openqa.selenium.remote.HandshakeResponse.lambda$getResponseFunction$0(HandshakeResponse.java:30)
	at org.openqa.selenium.remote.ProtocolHandshake.lambda$createSession$0(ProtocolHandshake.java:126)
	at java.util.stream.ReferencePipeline$3$1.accept(Unknown Source)
	at java.util.Spliterators$ArraySpliterator.tryAdvance(Unknown Source)
	at java.util.stream.ReferencePipeline.forEachWithCancel(Unknown Source)
	at java.util.stream.AbstractPipeline.copyIntoWithCancel(Unknown Source)
	at java.util.stream.AbstractPipeline.copyInto(Unknown Source)
	at java.util.stream.AbstractPipeline.wrapAndCopyInto(Unknown Source)
	at java.util.stream.FindOps$FindOp.evaluateSequential(Unknown Source)
	at java.util.stream.AbstractPipeline.evaluate(Unknown Source)
	at java.util.stream.ReferencePipeline.findFirst(Unknown Source)
	at org.openqa.selenium.remote.ProtocolHandshake.createSession(ProtocolHandshake.java:128)
	at org.openqa.selenium.remote.ProtocolHandshake.createSession(ProtocolHandshake.java:74)
	at org.openqa.selenium.grid.session.remote.RemoteSession$Factory.performHandshake(RemoteSession.java:147)
	at org.openqa.selenium.grid.session.remote.ServicedSession$Factory.apply(ServicedSession.java:161)
	at org.openqa.selenium.remote.server.ActiveSessionFactory.lambda$apply$12(ActiveSessionFactory.java:180)
	at java.util.stream.ReferencePipeline$3$1.accept(Unknown Source)
	at java.util.stream.ReferencePipeline$11$1.accept(Unknown Source)
	at java.util.stream.ReferencePipeline$2$1.accept(Unknown Source)
	at java.util.Spliterators$ArraySpliterator.tryAdvance(Unknown Source)
	at java.util.stream.ReferencePipeline.forEachWithCancel(Unknown Source)
	at java.util.stream.AbstractPipeline.copyIntoWithCancel(Unknown Source)
	at java.util.stream.AbstractPipeline.copyInto(Unknown Source)
	at java.util.stream.AbstractPipeline.wrapAndCopyInto(Unknown Source)
	at java.util.stream.FindOps$FindOp.evaluateSequential(Unknown Source)
	at java.util.stream.AbstractPipeline.evaluate(Unknown Source)
	at java.util.stream.ReferencePipeline.findFirst(Unknown Source)
	at org.openqa.selenium.remote.server.ActiveSessionFactory.apply(ActiveSessionFactory.java:183)
	at org.openqa.selenium.remote.server.NewSessionPipeline.lambda$null$2(NewSessionPipeline.java:66)
	at java.util.stream.ReferencePipeline$3$1.accept(Unknown Source)
	at java.util.stream.ReferencePipeline$2$1.accept(Unknown Source)
	at java.util.Collections$2.tryAdvance(Unknown Source)
	at java.util.stream.ReferencePipeline.forEachWithCancel(Unknown Source)
	at java.util.stream.AbstractPipeline.copyIntoWithCancel(Unknown Source)
	at java.util.stream.AbstractPipeline.copyInto(Unknown Source)
	at java.util.stream.AbstractPipeline.wrapAndCopyInto(Unknown Source)
	at java.util.stream.FindOps$FindOp.evaluateSequential(Unknown Source)
	at java.util.stream.AbstractPipeline.evaluate(Unknown Source)
	at java.util.stream.ReferencePipeline.findFirst(Unknown Source)
	at org.openqa.selenium.remote.server.NewSessionPipeline.lambda$createNewSession$3(NewSessionPipeline.java:69)
	at java.util.stream.ReferencePipeline$3$1.accept(Unknown Source)
	at java.util.stream.ReferencePipeline$3$1.accept(Unknown Source)
	at java.util.stream.ReferencePipeline$3$1.accept(Unknown Source)
	at java.util.stream.DistinctOps$1$2.accept(Unknown Source)
	at java.util.stream.ReferencePipeline$2$1.accept(Unknown Source)
	at java.util.stream.ReferencePipeline$3$1.accept(Unknown Source)
	at java.util.stream.ReferencePipeline$2$1.accept(Unknown Source)
	at java.util.stream.Streams$StreamBuilderImpl.tryAdvance(Unknown Source)
	at java.util.stream.Streams$ConcatSpliterator.tryAdvance(Unknown Source)
	at java.util.stream.ReferencePipeline.forEachWithCancel(Unknown Source)
	at java.util.stream.AbstractPipeline.copyIntoWithCancel(Unknown Source)
	at java.util.stream.AbstractPipeline.copyInto(Unknown Source)
	at java.util.stream.AbstractPipeline.wrapAndCopyInto(Unknown Source)
	at java.util.stream.FindOps$FindOp.evaluateSequential(Unknown Source)
	at java.util.stream.AbstractPipeline.evaluate(Unknown Source)
	at java.util.stream.ReferencePipeline.findFirst(Unknown Source)
	at org.openqa.selenium.remote.server.NewSessionPipeline.createNewSession(NewSessionPipeline.java:72)
	at org.openqa.selenium.remote.server.commandhandler.BeginSession.execute(BeginSession.java:65)
	at org.openqa.selenium.remote.server.WebDriverServlet.lambda$handle$0(WebDriverServlet.java:235)
	at java.util.concurrent.Executors$RunnableAdapter.call(Unknown Source)
	... 4 more
... Removed 22 stack frames]]>
    </failure>
  </testcase> <!-- @BeforeTest setup -->
  <testcase name="@AfterTest teardown" time="0.0" classname="SeleniumTestPackage.LoginClassGrid">
    <skipped/>
  </testcase> <!-- @AfterTest teardown -->
  <testcase name="testloginchrome" time="0.006" classname="SeleniumTestPackage.LoginClassGrid">
    <skipped/>
  </testcase> <!-- testloginchrome -->
</testsuite> <!-- Test2 -->
