<?xml version="1.0" encoding="UTF-8"?>
<testng-results skipped="0" failed="0" total="1" passed="1">
  <reporter-output>
    <line>
      <![CDATA[-----------Entered Username--------]]>
    </line>
    <line>
      <![CDATA[-----------Entered Password--------]]>
    </line>
    <line>
      <![CDATA[----------Dashboard is visible--------]]>
    </line>
  </reporter-output>
  <suite name="Default suite" duration-ms="88149" started-at="2021-09-23T07:10:38Z" finished-at="2021-09-23T07:12:06Z">
    <groups>
    </groups>
    <test name="Default test" duration-ms="88149" started-at="2021-09-23T07:10:38Z" finished-at="2021-09-23T07:12:06Z">
      <class name="SeleniumTestPackage.LoginClass">
        <test-method status="PASS" signature="setup()[pri:0, instance:SeleniumTestPackage.LoginClass@1e127982]" name="setup" is-config="true" duration-ms="4237" started-at="2021-09-23T12:40:38Z" finished-at="2021-09-23T12:40:42Z">
          <reporter-output>
          </reporter-output>
        </test-method> <!-- setup -->
        <test-method status="PASS" signature="testlogin()[pri:0, instance:SeleniumTestPackage.LoginClass@1e127982]" name="testlogin" duration-ms="83208" started-at="2021-09-23T12:40:42Z" finished-at="2021-09-23T12:42:05Z">
          <reporter-output>
            <line>
              <![CDATA[-----------Entered Username--------]]>
            </line>
            <line>
              <![CDATA[-----------Entered Password--------]]>
            </line>
            <line>
              <![CDATA[----------Dashboard is visible--------]]>
            </line>
          </reporter-output>
        </test-method> <!-- testlogin -->
        <test-method status="PASS" signature="teardown()[pri:0, instance:SeleniumTestPackage.LoginClass@1e127982]" name="teardown" is-config="true" duration-ms="686" started-at="2021-09-23T12:42:05Z" finished-at="2021-09-23T12:42:06Z">
          <reporter-output>
          </reporter-output>
        </test-method> <!-- teardown -->
      </class> <!-- SeleniumTestPackage.LoginClass -->
    </test> <!-- Default test -->
  </suite> <!-- Default suite -->
</testng-results>
